GNU Octave, version 3.6.4
Copyright (C) 2013 John W. Eaton and others.
This is free software; see the source code for copying conditions.
There is ABSOLUTELY NO WARRANTY; not even for MERCHANTABILITY or
FITNESS FOR A PARTICULAR PURPOSE.  For details, type `warranty'.

Octave was configured for "x86_64-pc-linux-gnu".

Additional information about Octave is available at http://www.octave.org.

Please contribute if you find this software useful.
For more information, visit http://www.octave.org/get-involved.html

Read http://www.octave.org/bugs.html to learn how to submit bug reports.

For information about changes from previous versions, type `news'.

Success: output file opened successfully - proceeding to gather data.
Starting the simulation...
k,m =  3, 3
Simulation for 0 nodes with p1 = 0.500000 and p2 = 0.500000
3.000000, 3.000000, 0.000000, 0.500000, 0.500000, -1.000000, 0.000000, 0.000000
Simulation for 5 nodes with p1 = 0.500000 and p2 = 0.500000
3.000000, 3.000000, 5.000000, 0.500000, 0.500000, 15.792000, 3.509702, 0.443946
Simulation for 10 nodes with p1 = 0.500000 and p2 = 0.500000
3.000000, 3.000000, 10.000000, 0.500000, 0.500000, 20.856000, 3.404943, 0.430695
Simulation for 15 nodes with p1 = 0.500000 and p2 = 0.500000
3.000000, 3.000000, 15.000000, 0.500000, 0.500000, 24.856000, 3.653032, 0.462076
Simulation for 20 nodes with p1 = 0.500000 and p2 = 0.500000
3.000000, 3.000000, 20.000000, 0.500000, 0.500000, 26.892000, 3.653729, 0.462164
Simulation for 25 nodes with p1 = 0.500000 and p2 = 0.500000
3.000000, 3.000000, 25.000000, 0.500000, 0.500000, 29.068000, 3.394919, 0.429427
Simulation for 30 nodes with p1 = 0.500000 and p2 = 0.500000
3.000000, 3.000000, 30.000000, 0.500000, 0.500000, 30.792000, 3.578822, 0.452689
Simulation for 35 nodes with p1 = 0.500000 and p2 = 0.500000
3.000000, 3.000000, 35.000000, 0.500000, 0.500000, 32.752000, 3.784678, 0.478728
Simulation for 40 nodes with p1 = 0.500000 and p2 = 0.500000
3.000000, 3.000000, 40.000000, 0.500000, 0.500000, 33.888000, 3.660746, 0.463052
Simulation for 45 nodes with p1 = 0.500000 and p2 = 0.500000
3.000000, 3.000000, 45.000000, 0.500000, 0.500000, 34.804000, 3.234724, 0.409164
Simulation for 50 nodes with p1 = 0.500000 and p2 = 0.500000
3.000000, 3.000000, 50.000000, 0.500000, 0.500000, 35.496000, 3.558177, 0.450078
Simulation for 55 nodes with p1 = 0.500000 and p2 = 0.500000
3.000000, 3.000000, 55.000000, 0.500000, 0.500000, 36.212000, 3.530569, 0.446586
Simulation for 60 nodes with p1 = 0.500000 and p2 = 0.500000
3.000000, 3.000000, 60.000000, 0.500000, 0.500000, 37.516000, 3.708471, 0.469089
Simulation for 65 nodes with p1 = 0.500000 and p2 = 0.500000
3.000000, 3.000000, 65.000000, 0.500000, 0.500000, 37.804000, 3.435812, 0.434600
Simulation for 70 nodes with p1 = 0.500000 and p2 = 0.500000
3.000000, 3.000000, 70.000000, 0.500000, 0.500000, 38.540000, 3.702870, 0.468380
Simulation for 75 nodes with p1 = 0.500000 and p2 = 0.500000
3.000000, 3.000000, 75.000000, 0.500000, 0.500000, 39.600000, 3.654782, 0.462297
Simulation for 80 nodes with p1 = 0.500000 and p2 = 0.500000
3.000000, 3.000000, 80.000000, 0.500000, 0.500000, 40.380000, 3.388440, 0.428608
Simulation for 85 nodes with p1 = 0.500000 and p2 = 0.500000
3.000000, 3.000000, 85.000000, 0.500000, 0.500000, 40.548000, 3.531797, 0.446741
Simulation for 90 nodes with p1 = 0.500000 and p2 = 0.500000
3.000000, 3.000000, 90.000000, 0.500000, 0.500000, 41.108000, 3.770571, 0.476944
Simulation for 95 nodes with p1 = 0.500000 and p2 = 0.500000
3.000000, 3.000000, 95.000000, 0.500000, 0.500000, 41.844000, 3.636559, 0.459992
Simulation for 100 nodes with p1 = 0.500000 and p2 = 0.500000
3.000000, 3.000000, 100.000000, 0.500000, 0.500000, 42.436000, 3.547427, 0.448718
Simulation for 105 nodes with p1 = 0.500000 and p2 = 0.500000
3.000000, 3.000000, 105.000000, 0.500000, 0.500000, 43.040000, 3.963488, 0.501346
Simulation for 110 nodes with p1 = 0.500000 and p2 = 0.500000
3.000000, 3.000000, 110.000000, 0.500000, 0.500000, 42.832000, 3.476221, 0.439711
Simulation for 115 nodes with p1 = 0.500000 and p2 = 0.500000
3.000000, 3.000000, 115.000000, 0.500000, 0.500000, 43.456000, 3.563546, 0.450757
Simulation for 120 nodes with p1 = 0.500000 and p2 = 0.500000
3.000000, 3.000000, 120.000000, 0.500000, 0.500000, 44.096000, 3.416059, 0.432101
Simulation for 125 nodes with p1 = 0.500000 and p2 = 0.500000
3.000000, 3.000000, 125.000000, 0.500000, 0.500000, 44.860000, 3.605050, 0.456007
Simulation for 130 nodes with p1 = 0.500000 and p2 = 0.500000
3.000000, 3.000000, 130.000000, 0.500000, 0.500000, 45.012000, 3.292296, 0.416446
Simulation for 135 nodes with p1 = 0.500000 and p2 = 0.500000
3.000000, 3.000000, 135.000000, 0.500000, 0.500000, 45.344000, 3.825730, 0.483921
Simulation for 140 nodes with p1 = 0.500000 and p2 = 0.500000
3.000000, 3.000000, 140.000000, 0.500000, 0.500000, 45.416000, 3.514020, 0.444492
Simulation for 145 nodes with p1 = 0.500000 and p2 = 0.500000
3.000000, 3.000000, 145.000000, 0.500000, 0.500000, 45.340000, 3.370138, 0.426293
Simulation for 150 nodes with p1 = 0.500000 and p2 = 0.500000
3.000000, 3.000000, 150.000000, 0.500000, 0.500000, 46.228000, 3.547726, 0.448756
Simulation for 155 nodes with p1 = 0.500000 and p2 = 0.500000
3.000000, 3.000000, 155.000000, 0.500000, 0.500000, 46.464000, 3.530803, 0.446615
Simulation for 160 nodes with p1 = 0.500000 and p2 = 0.500000
3.000000, 3.000000, 160.000000, 0.500000, 0.500000, 46.672000, 3.694729, 0.467350
Simulation for 165 nodes with p1 = 0.500000 and p2 = 0.500000
3.000000, 3.000000, 165.000000, 0.500000, 0.500000, 46.984000, 3.380749, 0.427635
Simulation for 170 nodes with p1 = 0.500000 and p2 = 0.500000
3.000000, 3.000000, 170.000000, 0.500000, 0.500000, 47.292000, 3.956431, 0.500453
Simulation for 175 nodes with p1 = 0.500000 and p2 = 0.500000
3.000000, 3.000000, 175.000000, 0.500000, 0.500000, 47.676000, 3.487647, 0.441156
Simulation for 180 nodes with p1 = 0.500000 and p2 = 0.500000
3.000000, 3.000000, 180.000000, 0.500000, 0.500000, 47.824000, 3.580545, 0.452907
Simulation for 185 nodes with p1 = 0.500000 and p2 = 0.500000
3.000000, 3.000000, 185.000000, 0.500000, 0.500000, 48.132000, 3.391842, 0.429038
Simulation for 190 nodes with p1 = 0.500000 and p2 = 0.500000
3.000000, 3.000000, 190.000000, 0.500000, 0.500000, 48.648000, 3.395617, 0.429515
Simulation for 195 nodes with p1 = 0.500000 and p2 = 0.500000
3.000000, 3.000000, 195.000000, 0.500000, 0.500000, 48.800000, 3.415062, 0.431975
Simulation for 200 nodes with p1 = 0.500000 and p2 = 0.500000
3.000000, 3.000000, 200.000000, 0.500000, 0.500000, 48.800000, 3.587126, 0.453739
Simulation for 205 nodes with p1 = 0.500000 and p2 = 0.500000
3.000000, 3.000000, 205.000000, 0.500000, 0.500000, 49.200000, 3.766263, 0.476399
Simulation for 210 nodes with p1 = 0.500000 and p2 = 0.500000
3.000000, 3.000000, 210.000000, 0.500000, 0.500000, 49.492000, 3.452770, 0.436745
Simulation for 215 nodes with p1 = 0.500000 and p2 = 0.500000
3.000000, 3.000000, 215.000000, 0.500000, 0.500000, 49.748000, 3.637778, 0.460147
Simulation for 220 nodes with p1 = 0.500000 and p2 = 0.500000
3.000000, 3.000000, 220.000000, 0.500000, 0.500000, 49.852000, 3.452212, 0.436674
Simulation for 225 nodes with p1 = 0.500000 and p2 = 0.500000
3.000000, 3.000000, 225.000000, 0.500000, 0.500000, 49.812000, 3.737450, 0.472754
Simulation for 230 nodes with p1 = 0.500000 and p2 = 0.500000
3.000000, 3.000000, 230.000000, 0.500000, 0.500000, 50.292000, 4.116615, 0.520715
Simulation for 235 nodes with p1 = 0.500000 and p2 = 0.500000
3.000000, 3.000000, 235.000000, 0.500000, 0.500000, 50.548000, 3.452445, 0.436704
Simulation for 240 nodes with p1 = 0.500000 and p2 = 0.500000
3.000000, 3.000000, 240.000000, 0.500000, 0.500000, 50.152000, 3.135638, 0.396630
Simulation for 245 nodes with p1 = 0.500000 and p2 = 0.500000
3.000000, 3.000000, 245.000000, 0.500000, 0.500000, 50.476000, 3.694322, 0.467299
Simulation for 250 nodes with p1 = 0.500000 and p2 = 0.500000
3.000000, 3.000000, 250.000000, 0.500000, 0.500000, 50.872000, 3.279426, 0.414818
Simulation for 255 nodes with p1 = 0.500000 and p2 = 0.500000
3.000000, 3.000000, 255.000000, 0.500000, 0.500000, 51.084000, 3.358880, 0.424868
Simulation for 260 nodes with p1 = 0.500000 and p2 = 0.500000
3.000000, 3.000000, 260.000000, 0.500000, 0.500000, 50.952000, 3.324138, 0.420474
Simulation for 265 nodes with p1 = 0.500000 and p2 = 0.500000
3.000000, 3.000000, 265.000000, 0.500000, 0.500000, 51.840000, 3.710184, 0.469305
Simulation for 270 nodes with p1 = 0.500000 and p2 = 0.500000
3.000000, 3.000000, 270.000000, 0.500000, 0.500000, 51.908000, 3.813358, 0.482356
Simulation for 275 nodes with p1 = 0.500000 and p2 = 0.500000
3.000000, 3.000000, 275.000000, 0.500000, 0.500000, 51.892000, 3.598351, 0.455159
Simulation for 280 nodes with p1 = 0.500000 and p2 = 0.500000
3.000000, 3.000000, 280.000000, 0.500000, 0.500000, 52.352000, 3.567493, 0.451256
Simulation for 285 nodes with p1 = 0.500000 and p2 = 0.500000
3.000000, 3.000000, 285.000000, 0.500000, 0.500000, 52.324000, 3.721616, 0.470751
Simulation for 290 nodes with p1 = 0.500000 and p2 = 0.500000
3.000000, 3.000000, 290.000000, 0.500000, 0.500000, 52.696000, 4.004463, 0.506529
Simulation for 295 nodes with p1 = 0.500000 and p2 = 0.500000
3.000000, 3.000000, 295.000000, 0.500000, 0.500000, 52.684000, 3.742750, 0.473425
Simulation for 300 nodes with p1 = 0.500000 and p2 = 0.500000
3.000000, 3.000000, 300.000000, 0.500000, 0.500000, 52.468000, 3.479281, 0.440098
Simulation for 305 nodes with p1 = 0.500000 and p2 = 0.500000
3.000000, 3.000000, 305.000000, 0.500000, 0.500000, 52.860000, 3.587182, 0.453747
Simulation for 310 nodes with p1 = 0.500000 and p2 = 0.500000
3.000000, 3.000000, 310.000000, 0.500000, 0.500000, 53.192000, 3.449454, 0.436325
Simulation for 315 nodes with p1 = 0.500000 and p2 = 0.500000
3.000000, 3.000000, 315.000000, 0.500000, 0.500000, 52.868000, 3.805853, 0.481407
Simulation for 320 nodes with p1 = 0.500000 and p2 = 0.500000
3.000000, 3.000000, 320.000000, 0.500000, 0.500000, 53.496000, 3.379893, 0.427526
Simulation for 325 nodes with p1 = 0.500000 and p2 = 0.500000
3.000000, 3.000000, 325.000000, 0.500000, 0.500000, 53.404000, 3.538768, 0.447623
Simulation for 330 nodes with p1 = 0.500000 and p2 = 0.500000
3.000000, 3.000000, 330.000000, 0.500000, 0.500000, 53.672000, 3.524501, 0.445818
Simulation for 335 nodes with p1 = 0.500000 and p2 = 0.500000
3.000000, 3.000000, 335.000000, 0.500000, 0.500000, 53.488000, 3.128098, 0.395677
Simulation for 340 nodes with p1 = 0.500000 and p2 = 0.500000
3.000000, 3.000000, 340.000000, 0.500000, 0.500000, 53.940000, 3.476889, 0.439795
Simulation for 345 nodes with p1 = 0.500000 and p2 = 0.500000
3.000000, 3.000000, 345.000000, 0.500000, 0.500000, 53.808000, 3.691292, 0.466916
Simulation for 350 nodes with p1 = 0.500000 and p2 = 0.500000
3.000000, 3.000000, 350.000000, 0.500000, 0.500000, 54.236000, 3.371911, 0.426517
Simulation for 355 nodes with p1 = 0.500000 and p2 = 0.500000
3.000000, 3.000000, 355.000000, 0.500000, 0.500000, 54.248000, 3.462144, 0.437930
Simulation for 360 nodes with p1 = 0.500000 and p2 = 0.500000
3.000000, 3.000000, 360.000000, 0.500000, 0.500000, 54.680000, 3.432891, 0.434230
Simulation for 365 nodes with p1 = 0.500000 and p2 = 0.500000
3.000000, 3.000000, 365.000000, 0.500000, 0.500000, 54.824000, 3.696441, 0.467567
Simulation for 370 nodes with p1 = 0.500000 and p2 = 0.500000
3.000000, 3.000000, 370.000000, 0.500000, 0.500000, 54.632000, 3.478069, 0.439945
Simulation for 375 nodes with p1 = 0.500000 and p2 = 0.500000
3.000000, 3.000000, 375.000000, 0.500000, 0.500000, 54.892000, 3.491863, 0.441690
Simulation for 380 nodes with p1 = 0.500000 and p2 = 0.500000
3.000000, 3.000000, 380.000000, 0.500000, 0.500000, 54.852000, 3.378127, 0.427303
Simulation for 385 nodes with p1 = 0.500000 and p2 = 0.500000
3.000000, 3.000000, 385.000000, 0.500000, 0.500000, 55.132000, 3.416617, 0.432172
Simulation for 390 nodes with p1 = 0.500000 and p2 = 0.500000
3.000000, 3.000000, 390.000000, 0.500000, 0.500000, 55.480000, 3.549082, 0.448927
Simulation for 395 nodes with p1 = 0.500000 and p2 = 0.500000
3.000000, 3.000000, 395.000000, 0.500000, 0.500000, 54.888000, 3.310482, 0.418747
Simulation for 400 nodes with p1 = 0.500000 and p2 = 0.500000
3.000000, 3.000000, 400.000000, 0.500000, 0.500000, 55.680000, 3.642895, 0.460794
Simulation for 405 nodes with p1 = 0.500000 and p2 = 0.500000
3.000000, 3.000000, 405.000000, 0.500000, 0.500000, 55.936000, 3.652020, 0.461948
Simulation for 410 nodes with p1 = 0.500000 and p2 = 0.500000
3.000000, 3.000000, 410.000000, 0.500000, 0.500000, 55.656000, 3.510407, 0.444035
Simulation for 415 nodes with p1 = 0.500000 and p2 = 0.500000
3.000000, 3.000000, 415.000000, 0.500000, 0.500000, 55.600000, 3.386721, 0.428390
Simulation for 420 nodes with p1 = 0.500000 and p2 = 0.500000
3.000000, 3.000000, 420.000000, 0.500000, 0.500000, 56.480000, 3.485138, 0.440839
Simulation for 425 nodes with p1 = 0.500000 and p2 = 0.500000
3.000000, 3.000000, 425.000000, 0.500000, 0.500000, 56.252000, 3.547228, 0.448693
Simulation for 430 nodes with p1 = 0.500000 and p2 = 0.500000
3.000000, 3.000000, 430.000000, 0.500000, 0.500000, 56.028000, 3.225653, 0.408016
Simulation for 435 nodes with p1 = 0.500000 and p2 = 0.500000
3.000000, 3.000000, 435.000000, 0.500000, 0.500000, 56.500000, 3.621943, 0.458144
Simulation for 440 nodes with p1 = 0.500000 and p2 = 0.500000
3.000000, 3.000000, 440.000000, 0.500000, 0.500000, 56.444000, 3.618180, 0.457668
Simulation for 445 nodes with p1 = 0.500000 and p2 = 0.500000
3.000000, 3.000000, 445.000000, 0.500000, 0.500000, 56.528000, 3.367876, 0.426006
Simulation for 450 nodes with p1 = 0.500000 and p2 = 0.500000
3.000000, 3.000000, 450.000000, 0.500000, 0.500000, 56.552000, 3.544227, 0.448313
Simulation for 455 nodes with p1 = 0.500000 and p2 = 0.500000
3.000000, 3.000000, 455.000000, 0.500000, 0.500000, 56.668000, 3.451002, 0.436521
Simulation for 460 nodes with p1 = 0.500000 and p2 = 0.500000
3.000000, 3.000000, 460.000000, 0.500000, 0.500000, 56.912000, 3.457176, 0.437302
Simulation for 465 nodes with p1 = 0.500000 and p2 = 0.500000
3.000000, 3.000000, 465.000000, 0.500000, 0.500000, 57.080000, 3.824672, 0.483787
Simulation for 470 nodes with p1 = 0.500000 and p2 = 0.500000
3.000000, 3.000000, 470.000000, 0.500000, 0.500000, 56.880000, 3.331968, 0.421464
Simulation for 475 nodes with p1 = 0.500000 and p2 = 0.500000
3.000000, 3.000000, 475.000000, 0.500000, 0.500000, 56.904000, 3.356763, 0.424601
Simulation for 480 nodes with p1 = 0.500000 and p2 = 0.500000
3.000000, 3.000000, 480.000000, 0.500000, 0.500000, 57.404000, 3.568152, 0.451340
Simulation for 485 nodes with p1 = 0.500000 and p2 = 0.500000
3.000000, 3.000000, 485.000000, 0.500000, 0.500000, 57.400000, 3.457139, 0.437297
Simulation for 490 nodes with p1 = 0.500000 and p2 = 0.500000
3.000000, 3.000000, 490.000000, 0.500000, 0.500000, 57.428000, 3.433361, 0.434290
Simulation for 495 nodes with p1 = 0.500000 and p2 = 0.500000
3.000000, 3.000000, 495.000000, 0.500000, 0.500000, 57.280000, 3.436399, 0.434674
Simulation for 500 nodes with p1 = 0.500000 and p2 = 0.500000
3.000000, 3.000000, 500.000000, 0.500000, 0.500000, 58.132000, 3.558261, 0.450088
Simulation for 505 nodes with p1 = 0.500000 and p2 = 0.500000
3.000000, 3.000000, 505.000000, 0.500000, 0.500000, 57.684000, 3.303908, 0.417915
Simulation for 510 nodes with p1 = 0.500000 and p2 = 0.500000
3.000000, 3.000000, 510.000000, 0.500000, 0.500000, 57.868000, 3.847830, 0.486716
Simulation for 515 nodes with p1 = 0.500000 and p2 = 0.500000
3.000000, 3.000000, 515.000000, 0.500000, 0.500000, 58.164000, 3.300405, 0.417472
Simulation for 520 nodes with p1 = 0.500000 and p2 = 0.500000
3.000000, 3.000000, 520.000000, 0.500000, 0.500000, 57.900000, 3.527574, 0.446207
Simulation for 525 nodes with p1 = 0.500000 and p2 = 0.500000
